<?xml version="1.0" encoding="UTF-8"?>
<testng-results ignored="0" total="2" passed="2" failed="0" skipped="0">
  <reporter-output>
  </reporter-output>
  <suite started-at="2024-07-30T12:22:19 EDT" name="Suite" finished-at="2024-07-30T12:23:20 EDT" duration-ms="61196">
    <groups>
    </groups>
    <test started-at="2024-07-30T12:22:19 EDT" name="Test" finished-at="2024-07-30T12:23:20 EDT" duration-ms="61196">
      <class name="Testcases.LoginToYourAccount">
        <test-method signature="loginToYourAccount()[pri:0, instance:Testcases.LoginToYourAccount@1d9b7cce]" started-at="2024-07-30T12:22:58 EDT" name="loginToYourAccount" finished-at="2024-07-30T12:23:20 EDT" duration-ms="22318" status="PASS">
          <reporter-output>
          </reporter-output>
        </test-method> <!-- loginToYourAccount -->
      </class> <!-- Testcases.LoginToYourAccount -->
      <class name="Testcases.NewUserSignup">
        <test-method is-config="true" signature="setupmethod()[pri:0, instance:Testcases.NewUserSignup@31c88ec8]" started-at="2024-07-30T12:22:19 EDT" name="setupmethod" finished-at="2024-07-30T12:22:25 EDT" duration-ms="6540" status="PASS">
          <reporter-output>
          </reporter-output>
        </test-method> <!-- setupmethod -->
        <test-method signature="newUserSignup()[pri:0, instance:Testcases.NewUserSignup@31c88ec8]" started-at="2024-07-30T12:22:25 EDT" name="newUserSignup" finished-at="2024-07-30T12:22:57 EDT" duration-ms="31767" status="PASS">
          <reporter-output>
          </reporter-output>
        </test-method> <!-- newUserSignup -->
        <test-method is-config="true" signature="teardown()[pri:0, instance:Testcases.NewUserSignup@31c88ec8]" started-at="2024-07-30T12:22:57 EDT" name="teardown" finished-at="2024-07-30T12:22:58 EDT" duration-ms="340" status="PASS">
          <reporter-output>
          </reporter-output>
        </test-method> <!-- teardown -->
      </class> <!-- Testcases.NewUserSignup -->
    </test> <!-- Test -->
  </suite> <!-- Suite -->
</testng-results>
