<?xml version="1.0" encoding="UTF-8"?>
<testng-results ignored="0" total="2" passed="2" failed="0" skipped="0">
  <reporter-output>
  </reporter-output>
  <suite started-at="2024-07-25T12:01:43 EDT" name="Suite" finished-at="2024-07-25T12:02:42 EDT" duration-ms="58622">
    <groups>
    </groups>
    <test started-at="2024-07-25T12:01:43 EDT" name="Test" finished-at="2024-07-25T12:02:42 EDT" duration-ms="58622">
      <class name="Testcases.LoginToYourAccount">
        <test-method signature="loginToYourAccount()[pri:0, instance:Testcases.LoginToYourAccount@2e005c4b]" started-at="2024-07-25T12:02:21 EDT" name="loginToYourAccount" finished-at="2024-07-25T12:02:42 EDT" duration-ms="20815" status="PASS">
          <reporter-output>
          </reporter-output>
        </test-method> <!-- loginToYourAccount -->
      </class> <!-- Testcases.LoginToYourAccount -->
      <class name="Testcases.NewUserSignup">
        <test-method is-config="true" signature="setupmethod()[pri:0, instance:Testcases.NewUserSignup@16ec5519]" started-at="2024-07-25T12:01:43 EDT" name="setupmethod" finished-at="2024-07-25T12:01:55 EDT" duration-ms="12278" status="PASS">
          <reporter-output>
          </reporter-output>
        </test-method> <!-- setupmethod -->
        <test-method signature="newUserSignup()[pri:0, instance:Testcases.NewUserSignup@16ec5519]" started-at="2024-07-25T12:01:55 EDT" name="newUserSignup" finished-at="2024-07-25T12:02:20 EDT" duration-ms="25131" status="PASS">
          <reporter-output>
          </reporter-output>
        </test-method> <!-- newUserSignup -->
        <test-method is-config="true" signature="teardown()[pri:0, instance:Testcases.NewUserSignup@16ec5519]" started-at="2024-07-25T12:02:20 EDT" name="teardown" finished-at="2024-07-25T12:02:21 EDT" duration-ms="315" status="PASS">
          <reporter-output>
          </reporter-output>
        </test-method> <!-- teardown -->
      </class> <!-- Testcases.NewUserSignup -->
    </test> <!-- Test -->
  </suite> <!-- Suite -->
</testng-results>
