<?xml version="1.0" encoding="UTF-8"?>
<testng-results ignored="0" total="1" passed="1" failed="0" skipped="0">
  <reporter-output>
  </reporter-output>
  <suite started-at="2024-08-05T12:00:16 EDT" name="Default suite" finished-at="2024-08-05T12:00:46 EDT" duration-ms="29321">
    <groups>
    </groups>
    <test started-at="2024-08-05T12:00:16 EDT" name="Default test" finished-at="2024-08-05T12:00:46 EDT" duration-ms="29321">
      <class name="Testcases.NewUserSignup">
        <test-method is-config="true" signature="setupmethod()[pri:0, instance:Testcases.NewUserSignup@1d9b7cce]" started-at="2024-08-05T12:00:16 EDT" name="setupmethod" finished-at="2024-08-05T12:00:24 EDT" duration-ms="7139" status="PASS">
          <reporter-output>
          </reporter-output>
        </test-method> <!-- setupmethod -->
        <test-method signature="newUserSignup()[pri:0, instance:Testcases.NewUserSignup@1d9b7cce]" started-at="2024-08-05T12:00:24 EDT" name="newUserSignup" finished-at="2024-08-05T12:00:45 EDT" duration-ms="21749" status="PASS">
          <reporter-output>
          </reporter-output>
        </test-method> <!-- newUserSignup -->
        <test-method is-config="true" signature="teardown()[pri:0, instance:Testcases.NewUserSignup@1d9b7cce]" started-at="2024-08-05T12:00:45 EDT" name="teardown" finished-at="2024-08-05T12:00:46 EDT" duration-ms="362" status="PASS">
          <reporter-output>
          </reporter-output>
        </test-method> <!-- teardown -->
      </class> <!-- Testcases.NewUserSignup -->
    </test> <!-- Default test -->
  </suite> <!-- Default suite -->
</testng-results>
